  OptionsMenu.cpp
e:\github\monopoly2d-sfml\monopoly2d-sfml\monopoly2d-sfml\optionsmenu.cpp(47): warning C4244: аргумент: преобразование "float" в "int", возможна потеря данных
e:\github\monopoly2d-sfml\monopoly2d-sfml\monopoly2d-sfml\optionsmenu.cpp(46): warning C4244: аргумент: преобразование "float" в "int", возможна потеря данных
e:\github\monopoly2d-sfml\monopoly2d-sfml\monopoly2d-sfml\optionsmenu.cpp(59): warning C4244: аргумент: преобразование "double" в "int", возможна потеря данных
e:\github\monopoly2d-sfml\monopoly2d-sfml\monopoly2d-sfml\optionsmenu.cpp(63): warning C4244: аргумент: преобразование "double" в "int", возможна потеря данных
e:\github\monopoly2d-sfml\monopoly2d-sfml\monopoly2d-sfml\optionsmenu.cpp(62): warning C4244: аргумент: преобразование "float" в "int", возможна потеря данных
  GameMenu.cpp
e:\github\monopoly2d-sfml\monopoly2d-sfml\monopoly2d-sfml\gamemenu.cpp(52): warning C4244: аргумент: преобразование "int" в "float", возможна потеря данных
e:\github\monopoly2d-sfml\monopoly2d-sfml\monopoly2d-sfml\gamemenu.cpp(58): warning C4244: аргумент: преобразование "float" в "int", возможна потеря данных
e:\github\monopoly2d-sfml\monopoly2d-sfml\monopoly2d-sfml\gamemenu.cpp(59): warning C4244: аргумент: преобразование "float" в "int", возможна потеря данных
e:\github\monopoly2d-sfml\monopoly2d-sfml\monopoly2d-sfml\gamemenu.cpp(60): warning C4244: аргумент: преобразование "double" в "int", возможна потеря данных
e:\github\monopoly2d-sfml\monopoly2d-sfml\monopoly2d-sfml\gamemenu.cpp(64): warning C4244: аргумент: преобразование "float" в "int", возможна потеря данных
e:\github\monopoly2d-sfml\monopoly2d-sfml\monopoly2d-sfml\gamemenu.cpp(63): warning C4244: аргумент: преобразование "float" в "int", возможна потеря данных
e:\github\monopoly2d-sfml\monopoly2d-sfml\monopoly2d-sfml\gamemenu.cpp(69): warning C4244: аргумент: преобразование "int" в "float", возможна потеря данных
  Создание кода...
  Пропуск... (изменения не обнаружены)
  main.cpp
  Game.cpp
  Background.cpp
  monopoly2d-sfml.vcxproj -> E:\GitHub\monopoly2d-sfml\monopoly2d-sfml\Debug\monopoly2d-sfml.exe
