e:\github\monopoly2d-sfml\monopoly2d-sfml\monopoly2d-sfml\debug\vc141.pdb
e:\github\monopoly2d-sfml\monopoly2d-sfml\monopoly2d-sfml\debug\vc141.idb
e:\github\monopoly2d-sfml\monopoly2d-sfml\monopoly2d-sfml\debug\gamehub.obj
e:\github\monopoly2d-sfml\monopoly2d-sfml\monopoly2d-sfml\debug\gamebutton.obj
e:\github\monopoly2d-sfml\monopoly2d-sfml\monopoly2d-sfml\debug\gamecreatormenu.obj
e:\github\monopoly2d-sfml\monopoly2d-sfml\monopoly2d-sfml\debug\gameselectmenu.obj
e:\github\monopoly2d-sfml\monopoly2d-sfml\monopoly2d-sfml\debug\gamewindow.obj
e:\github\monopoly2d-sfml\monopoly2d-sfml\monopoly2d-sfml\debug\logo.obj
e:\github\monopoly2d-sfml\monopoly2d-sfml\monopoly2d-sfml\debug\logoservice.obj
e:\github\monopoly2d-sfml\monopoly2d-sfml\monopoly2d-sfml\debug\main.obj
e:\github\monopoly2d-sfml\monopoly2d-sfml\monopoly2d-sfml\debug\gamemenu.obj
e:\github\monopoly2d-sfml\monopoly2d-sfml\monopoly2d-sfml\debug\musicservice.obj
e:\github\monopoly2d-sfml\monopoly2d-sfml\monopoly2d-sfml\debug\musicvolumecontrol.obj
e:\github\monopoly2d-sfml\monopoly2d-sfml\monopoly2d-sfml\debug\numericcontrol.obj
e:\github\monopoly2d-sfml\monopoly2d-sfml\monopoly2d-sfml\debug\options.obj
e:\github\monopoly2d-sfml\monopoly2d-sfml\monopoly2d-sfml\debug\optionsmenu.obj
e:\github\monopoly2d-sfml\monopoly2d-sfml\monopoly2d-sfml\debug\resolutioncontrol.obj
e:\github\monopoly2d-sfml\monopoly2d-sfml\monopoly2d-sfml\debug\showcommand.obj
e:\github\monopoly2d-sfml\monopoly2d-sfml\monopoly2d-sfml\debug\soundableobject.obj
e:\github\monopoly2d-sfml\monopoly2d-sfml\monopoly2d-sfml\debug\soundvolumecontrol.obj
e:\github\monopoly2d-sfml\monopoly2d-sfml\monopoly2d-sfml\debug\staticgraphicobject.obj
e:\github\monopoly2d-sfml\monopoly2d-sfml\monopoly2d-sfml\debug\volumecontrol.obj
e:\github\monopoly2d-sfml\monopoly2d-sfml\monopoly2d-sfml\debug\background.obj
e:\github\monopoly2d-sfml\monopoly2d-sfml\monopoly2d-sfml\debug\changeresolutioncommand.obj
e:\github\monopoly2d-sfml\monopoly2d-sfml\monopoly2d-sfml\debug\clickableobject.obj
e:\github\monopoly2d-sfml\monopoly2d-sfml\monopoly2d-sfml\debug\exitcommand.obj
e:\github\monopoly2d-sfml\monopoly2d-sfml\monopoly2d-sfml\debug\game.obj
e:\github\monopoly2d-sfml\monopoly2d-sfml\monopoly2d-sfml\debug\gamecomponentbuilder.obj
e:\github\monopoly2d-sfml\monopoly2d-sfml\debug\monopoly2d-sfml.exe
e:\github\monopoly2d-sfml\monopoly2d-sfml\debug\monopoly2d-sfml.ilk
e:\github\monopoly2d-sfml\monopoly2d-sfml\debug\monopoly2d-sfml.pdb
e:\github\monopoly2d-sfml\monopoly2d-sfml\monopoly2d-sfml\debug\monopoly2d-sfml.tlog\cl.command.1.tlog
e:\github\monopoly2d-sfml\monopoly2d-sfml\monopoly2d-sfml\debug\monopoly2d-sfml.tlog\cl.read.1.tlog
e:\github\monopoly2d-sfml\monopoly2d-sfml\monopoly2d-sfml\debug\monopoly2d-sfml.tlog\cl.write.1.tlog
e:\github\monopoly2d-sfml\monopoly2d-sfml\monopoly2d-sfml\debug\monopoly2d-sfml.tlog\link.command.1.tlog
e:\github\monopoly2d-sfml\monopoly2d-sfml\monopoly2d-sfml\debug\monopoly2d-sfml.tlog\link.read.1.tlog
e:\github\monopoly2d-sfml\monopoly2d-sfml\monopoly2d-sfml\debug\monopoly2d-sfml.tlog\link.write.1.tlog
